[2022-10-01 21:13:34,083: INFO] Get invoice status requested: user_token='pe3Snxr-suAmIMX0hi8cwoox2I6b6oKR3hXWwC8EZIo' id='9bc0bf6c-2243-8119-a167-63c2e69cdeef' auto_withdraw=False
[2022-10-01 21:13:34,088: DEBUG] Sending invoice status request with fields: {'id': '9bc0bf6c-2243-8119-a167-63c2e69cdeef'}
[2022-10-01 21:13:34,721: DEBUG] Got response: {'status': 'success', 'invoice': {'id': '9bc0bf6c-2243-8119-a167-63c2e69cdeef', 'order_id': None, 'expire': 1664641057, 'sum': '50.00', 'comment': None, 'status': 'cancel', 'success_url': None, 'fail_url': None, 'hook_url': None, 'custom_fields': '', 'merchant_id': None, 'merchant_name': None, 'pay_service': None, 'payer_details': None}}
[2022-10-01 22:20:43,077: INFO] Create invoice requested: user_token='pe3Snxr-suAmIMX0hi8cwoox2I6b6oKR3hXWwC8EZIo' amount=10 expire=60
[2022-10-01 22:20:43,078: DEBUG] Sending create invoice request with fields: {'wallet_to': 'R10031991', 'sum': '10.00', 'expire': '600', 'merchant_id': 'TestUser'}
[2022-10-01 22:20:43,776: DEBUG] Got response: {'status': 'success', 'id': '6a5ccd34-71e3-4ad5-6e67-bad78e9ab71d', 'url': 'https://acquiring.lava.ru/invoice/6a5ccd34-71e3-4ad5-6e67-bad78e9ab71d', 'expire': 1664684444, 'sum': '10.00', 'success_url': None, 'fail_url': None, 'hook_url': None, 'custom_fields': '', 'merchant_name': None, 'merchant_id': 'TestUser', 'pay_service': None}
[2022-10-01 22:20:43,776: INFO] Invoice created successfully: id = 6a5ccd34-71e3-4ad5-6e67-bad78e9ab71d; sum = 10; url = https://acquiring.lava.ru/invoice/6a5ccd34-71e3-4ad5-6e67-bad78e9ab71d
[2022-10-01 22:26:29,527: INFO] Create invoice requested: user_token='pe3Snxr-suAmIMX0hi8cwoox2I6b6oKR3hXWwC8EZIo' amount=10 expire=60
[2022-10-01 22:26:29,528: DEBUG] Sending create invoice request with fields: {'wallet_to': 'R10031991', 'sum': '10.00', 'expire': '600', 'merchant_id': 'TestUser'}
[2022-10-01 22:26:30,145: DEBUG] Got response: {'status': 'success', 'id': 'bca8d016-10b4-2b14-a520-94effe927117', 'url': 'https://acquiring.lava.ru/invoice/bca8d016-10b4-2b14-a520-94effe927117', 'expire': 1664684791, 'sum': '10.00', 'success_url': None, 'fail_url': None, 'hook_url': None, 'custom_fields': '', 'merchant_name': None, 'merchant_id': 'TestUser', 'pay_service': None}
[2022-10-01 22:26:30,145: INFO] Invoice created successfully: id = bca8d016-10b4-2b14-a520-94effe927117; sum = 10; url = https://acquiring.lava.ru/invoice/bca8d016-10b4-2b14-a520-94effe927117
[2022-10-01 22:26:30,145: INFO] Get invoice status requested: user_token='pe3Snxr-suAmIMX0hi8cwoox2I6b6oKR3hXWwC8EZIo' id='bca8d016-10b4-2b14-a520-94effe927117' auto_withdraw=False
[2022-10-01 22:26:30,145: DEBUG] Sending invoice status request with fields: {'id': 'bca8d016-10b4-2b14-a520-94effe927117'}
[2022-10-01 22:26:30,557: DEBUG] Got response: {'status': 'success', 'invoice': {'id': 'bca8d016-10b4-2b14-a520-94effe927117', 'order_id': None, 'expire': 1664684791, 'sum': '10.00', 'comment': None, 'status': 'pending', 'success_url': None, 'fail_url': None, 'hook_url': None, 'custom_fields': '', 'merchant_id': 'TestUser', 'merchant_name': None, 'pay_service': None, 'payer_details': None}}
[2022-10-01 22:27:28,942: INFO] Create invoice requested: user_token='pe3Snxr-suAmIMX0hi8cwoox2I6b6oKR3hXWwC8EZIo' amount=10 expire=60
[2022-10-01 22:27:28,943: DEBUG] Sending create invoice request with fields: {'wallet_to': 'R10031991', 'sum': '10.00', 'expire': '600', 'merchant_id': 'TestUser'}
[2022-10-01 22:27:29,527: DEBUG] Got response: {'status': 'success', 'id': '153aaf00-5bf8-6d24-fd3f-418575e9326b', 'url': 'https://acquiring.lava.ru/invoice/153aaf00-5bf8-6d24-fd3f-418575e9326b', 'expire': 1664684850, 'sum': '10.00', 'success_url': None, 'fail_url': None, 'hook_url': None, 'custom_fields': '', 'merchant_name': None, 'merchant_id': 'TestUser', 'pay_service': None}
[2022-10-01 22:27:29,527: INFO] Invoice created successfully: id = 153aaf00-5bf8-6d24-fd3f-418575e9326b; sum = 10; url = https://acquiring.lava.ru/invoice/153aaf00-5bf8-6d24-fd3f-418575e9326b
[2022-10-01 22:27:29,527: INFO] Get invoice status requested: user_token='pe3Snxr-suAmIMX0hi8cwoox2I6b6oKR3hXWwC8EZIo' id='153aaf00-5bf8-6d24-fd3f-418575e9326b' auto_withdraw=False
[2022-10-01 22:27:29,527: DEBUG] Sending invoice status request with fields: {'id': '153aaf00-5bf8-6d24-fd3f-418575e9326b'}
[2022-10-01 22:27:29,918: DEBUG] Got response: {'status': 'success', 'invoice': {'id': '153aaf00-5bf8-6d24-fd3f-418575e9326b', 'order_id': None, 'expire': 1664684850, 'sum': '10.00', 'comment': None, 'status': 'pending', 'success_url': None, 'fail_url': None, 'hook_url': None, 'custom_fields': '', 'merchant_id': 'TestUser', 'merchant_name': None, 'pay_service': None, 'payer_details': None}}
[2022-10-01 22:27:29,919: INFO] Got invoice status: id = 153aaf00-5bf8-6d24-fd3f-418575e9326b; status = pending;
[2022-10-01 22:27:39,921: INFO] Get invoice status requested: user_token='pe3Snxr-suAmIMX0hi8cwoox2I6b6oKR3hXWwC8EZIo' id='153aaf00-5bf8-6d24-fd3f-418575e9326b' auto_withdraw=False
[2022-10-01 22:27:39,921: DEBUG] Sending invoice status request with fields: {'id': '153aaf00-5bf8-6d24-fd3f-418575e9326b'}
[2022-10-01 22:27:40,317: DEBUG] Got response: {'status': 'success', 'invoice': {'id': '153aaf00-5bf8-6d24-fd3f-418575e9326b', 'order_id': None, 'expire': 1664684850, 'sum': '10.00', 'comment': None, 'status': 'pending', 'success_url': None, 'fail_url': None, 'hook_url': None, 'custom_fields': '', 'merchant_id': 'TestUser', 'merchant_name': None, 'pay_service': None, 'payer_details': None}}
[2022-10-01 22:27:40,317: INFO] Got invoice status: id = 153aaf00-5bf8-6d24-fd3f-418575e9326b; status = pending;
[2022-10-01 22:27:50,333: INFO] Get invoice status requested: user_token='pe3Snxr-suAmIMX0hi8cwoox2I6b6oKR3hXWwC8EZIo' id='153aaf00-5bf8-6d24-fd3f-418575e9326b' auto_withdraw=False
[2022-10-01 22:27:50,334: DEBUG] Sending invoice status request with fields: {'id': '153aaf00-5bf8-6d24-fd3f-418575e9326b'}
[2022-10-01 22:27:50,871: DEBUG] Got response: {'status': 'success', 'invoice': {'id': '153aaf00-5bf8-6d24-fd3f-418575e9326b', 'order_id': None, 'expire': 1664684850, 'sum': '10.00', 'comment': None, 'status': 'pending', 'success_url': None, 'fail_url': None, 'hook_url': None, 'custom_fields': '', 'merchant_id': 'TestUser', 'merchant_name': None, 'pay_service': None, 'payer_details': None}}
[2022-10-01 22:27:50,871: INFO] Got invoice status: id = 153aaf00-5bf8-6d24-fd3f-418575e9326b; status = pending;
[2022-10-01 22:28:00,875: INFO] Get invoice status requested: user_token='pe3Snxr-suAmIMX0hi8cwoox2I6b6oKR3hXWwC8EZIo' id='153aaf00-5bf8-6d24-fd3f-418575e9326b' auto_withdraw=False
[2022-10-01 22:28:00,876: DEBUG] Sending invoice status request with fields: {'id': '153aaf00-5bf8-6d24-fd3f-418575e9326b'}
[2022-10-01 22:28:01,281: DEBUG] Got response: {'status': 'success', 'invoice': {'id': '153aaf00-5bf8-6d24-fd3f-418575e9326b', 'order_id': None, 'expire': 1664684850, 'sum': '10.00', 'comment': None, 'status': 'pending', 'success_url': None, 'fail_url': None, 'hook_url': None, 'custom_fields': '', 'merchant_id': 'TestUser', 'merchant_name': None, 'pay_service': None, 'payer_details': None}}
[2022-10-01 22:28:01,282: INFO] Got invoice status: id = 153aaf00-5bf8-6d24-fd3f-418575e9326b; status = pending;
[2022-10-01 22:28:11,296: INFO] Get invoice status requested: user_token='pe3Snxr-suAmIMX0hi8cwoox2I6b6oKR3hXWwC8EZIo' id='153aaf00-5bf8-6d24-fd3f-418575e9326b' auto_withdraw=False
[2022-10-01 22:28:11,296: DEBUG] Sending invoice status request with fields: {'id': '153aaf00-5bf8-6d24-fd3f-418575e9326b'}
[2022-10-01 22:28:11,726: DEBUG] Got response: {'status': 'success', 'invoice': {'id': '153aaf00-5bf8-6d24-fd3f-418575e9326b', 'order_id': None, 'expire': 1664684850, 'sum': '10.00', 'comment': None, 'status': 'pending', 'success_url': None, 'fail_url': None, 'hook_url': None, 'custom_fields': '', 'merchant_id': 'TestUser', 'merchant_name': None, 'pay_service': None, 'payer_details': None}}
[2022-10-01 22:28:11,726: INFO] Got invoice status: id = 153aaf00-5bf8-6d24-fd3f-418575e9326b; status = pending;
[2022-10-01 22:28:21,731: INFO] Get invoice status requested: user_token='pe3Snxr-suAmIMX0hi8cwoox2I6b6oKR3hXWwC8EZIo' id='153aaf00-5bf8-6d24-fd3f-418575e9326b' auto_withdraw=False
[2022-10-01 22:28:21,732: DEBUG] Sending invoice status request with fields: {'id': '153aaf00-5bf8-6d24-fd3f-418575e9326b'}
[2022-10-01 22:28:22,138: DEBUG] Got response: {'status': 'success', 'invoice': {'id': '153aaf00-5bf8-6d24-fd3f-418575e9326b', 'order_id': None, 'expire': 1664684850, 'sum': '10.00', 'comment': None, 'status': 'success', 'success_url': None, 'fail_url': None, 'hook_url': None, 'custom_fields': '', 'merchant_id': 'TestUser', 'merchant_name': None, 'pay_service': None, 'payer_details': None}}
[2022-10-01 22:28:22,138: INFO] Got invoice status: id = 153aaf00-5bf8-6d24-fd3f-418575e9326b; status = success;
[2022-10-01 22:30:31,645: INFO] Create invoice requested: user_token='2qxm3GWCHnUxSO3e7fWJFcbKRPpmYWEaK7HcPoPxu1M' amount=10 expire=60
[2022-10-01 22:30:31,646: DEBUG] Sending create invoice request with fields: {'wallet_to': 'R10031991', 'sum': '10.00', 'expire': '600', 'merchant_id': 'TestUser'}
[2022-10-01 22:30:32,252: DEBUG] Got response: {'status': 'success', 'id': '7bbfdb98-0bd0-e326-dc06-3ef6c7b3c0cd', 'url': 'https://acquiring.lava.ru/invoice/7bbfdb98-0bd0-e326-dc06-3ef6c7b3c0cd', 'expire': 1664685033, 'sum': '10.00', 'success_url': None, 'fail_url': None, 'hook_url': None, 'custom_fields': '', 'merchant_name': None, 'merchant_id': 'TestUser', 'pay_service': None}
[2022-10-01 22:30:32,252: INFO] Invoice created successfully: id = 7bbfdb98-0bd0-e326-dc06-3ef6c7b3c0cd; sum = 10; url = https://acquiring.lava.ru/invoice/7bbfdb98-0bd0-e326-dc06-3ef6c7b3c0cd
[2022-10-01 22:30:32,253: INFO] Get invoice status requested: user_token='2qxm3GWCHnUxSO3e7fWJFcbKRPpmYWEaK7HcPoPxu1M' id='7bbfdb98-0bd0-e326-dc06-3ef6c7b3c0cd' auto_withdraw='True'
[2022-10-01 22:30:32,253: DEBUG] Sending invoice status request with fields: {'id': '7bbfdb98-0bd0-e326-dc06-3ef6c7b3c0cd'}
[2022-10-01 22:30:32,661: DEBUG] Got response: {'status': 'success', 'invoice': {'id': '7bbfdb98-0bd0-e326-dc06-3ef6c7b3c0cd', 'order_id': None, 'expire': 1664685033, 'sum': '10.00', 'comment': None, 'status': 'pending', 'success_url': None, 'fail_url': None, 'hook_url': None, 'custom_fields': '', 'merchant_id': 'TestUser', 'merchant_name': None, 'pay_service': None, 'payer_details': None}}
[2022-10-01 22:30:32,662: INFO] Got invoice status: id = 7bbfdb98-0bd0-e326-dc06-3ef6c7b3c0cd; status = pending;
[2022-10-01 22:30:42,680: INFO] Get invoice status requested: user_token='2qxm3GWCHnUxSO3e7fWJFcbKRPpmYWEaK7HcPoPxu1M' id='7bbfdb98-0bd0-e326-dc06-3ef6c7b3c0cd' auto_withdraw='True'
[2022-10-01 22:30:42,681: DEBUG] Sending invoice status request with fields: {'id': '7bbfdb98-0bd0-e326-dc06-3ef6c7b3c0cd'}
[2022-10-01 22:30:43,125: DEBUG] Got response: {'status': 'success', 'invoice': {'id': '7bbfdb98-0bd0-e326-dc06-3ef6c7b3c0cd', 'order_id': None, 'expire': 1664685033, 'sum': '10.00', 'comment': None, 'status': 'pending', 'success_url': None, 'fail_url': None, 'hook_url': None, 'custom_fields': '', 'merchant_id': 'TestUser', 'merchant_name': None, 'pay_service': None, 'payer_details': None}}
[2022-10-01 22:30:43,125: INFO] Got invoice status: id = 7bbfdb98-0bd0-e326-dc06-3ef6c7b3c0cd; status = pending;
[2022-10-01 22:30:53,137: INFO] Get invoice status requested: user_token='2qxm3GWCHnUxSO3e7fWJFcbKRPpmYWEaK7HcPoPxu1M' id='7bbfdb98-0bd0-e326-dc06-3ef6c7b3c0cd' auto_withdraw='True'
[2022-10-01 22:30:53,138: DEBUG] Sending invoice status request with fields: {'id': '7bbfdb98-0bd0-e326-dc06-3ef6c7b3c0cd'}
[2022-10-01 22:30:53,554: DEBUG] Got response: {'status': 'success', 'invoice': {'id': '7bbfdb98-0bd0-e326-dc06-3ef6c7b3c0cd', 'order_id': None, 'expire': 1664685033, 'sum': '10.00', 'comment': None, 'status': 'pending', 'success_url': None, 'fail_url': None, 'hook_url': None, 'custom_fields': '', 'merchant_id': 'TestUser', 'merchant_name': None, 'pay_service': None, 'payer_details': None}}
[2022-10-01 22:30:53,554: INFO] Got invoice status: id = 7bbfdb98-0bd0-e326-dc06-3ef6c7b3c0cd; status = pending;
[2022-10-01 22:31:03,572: INFO] Get invoice status requested: user_token='2qxm3GWCHnUxSO3e7fWJFcbKRPpmYWEaK7HcPoPxu1M' id='7bbfdb98-0bd0-e326-dc06-3ef6c7b3c0cd' auto_withdraw='True'
[2022-10-01 22:31:03,573: DEBUG] Sending invoice status request with fields: {'id': '7bbfdb98-0bd0-e326-dc06-3ef6c7b3c0cd'}
[2022-10-01 22:31:03,958: DEBUG] Got response: {'status': 'success', 'invoice': {'id': '7bbfdb98-0bd0-e326-dc06-3ef6c7b3c0cd', 'order_id': None, 'expire': 1664685033, 'sum': '10.00', 'comment': None, 'status': 'pending', 'success_url': None, 'fail_url': None, 'hook_url': None, 'custom_fields': '', 'merchant_id': 'TestUser', 'merchant_name': None, 'pay_service': None, 'payer_details': None}}
[2022-10-01 22:31:03,959: INFO] Got invoice status: id = 7bbfdb98-0bd0-e326-dc06-3ef6c7b3c0cd; status = pending;
[2022-10-01 22:31:13,976: INFO] Get invoice status requested: user_token='2qxm3GWCHnUxSO3e7fWJFcbKRPpmYWEaK7HcPoPxu1M' id='7bbfdb98-0bd0-e326-dc06-3ef6c7b3c0cd' auto_withdraw='True'
[2022-10-01 22:31:13,977: DEBUG] Sending invoice status request with fields: {'id': '7bbfdb98-0bd0-e326-dc06-3ef6c7b3c0cd'}
[2022-10-01 22:31:14,492: DEBUG] Got response: {'status': 'success', 'invoice': {'id': '7bbfdb98-0bd0-e326-dc06-3ef6c7b3c0cd', 'order_id': None, 'expire': 1664685033, 'sum': '10.00', 'comment': None, 'status': 'success', 'success_url': None, 'fail_url': None, 'hook_url': None, 'custom_fields': '', 'merchant_id': 'TestUser', 'merchant_name': None, 'pay_service': None, 'payer_details': None}}
[2022-10-01 22:31:14,492: INFO] Got invoice status: id = 7bbfdb98-0bd0-e326-dc06-3ef6c7b3c0cd; status = success;
[2022-10-01 22:31:14,493: INFO] Withdraw requested: user = TestUser; service: qiwi; wallet: +79608357711; amount = 10
[2022-10-01 22:31:14,493: INFO] Sended withdraw request with fields: {'account': 'R10031991', 'amount': '6.00', 'service': 'qiwi', 'wallet_to': '+79608357711'}
[2022-10-01 22:31:14,897: ERROR] [WITHDRAW] Error while creating withdraw request: 
Request: {'account': 'R10031991', 'amount': '6.00', 'service': 'qiwi', 'wallet_to': '+79608357711'};
 Response: {'status': 'error', 'message': 'Сумма меньше минимальной (10.00)', 'code': 102};
[2022-10-01 22:33:02,278: INFO] Create invoice requested: user_token='2qxm3GWCHnUxSO3e7fWJFcbKRPpmYWEaK7HcPoPxu1M' amount=20 expire=60
[2022-10-01 22:33:02,279: DEBUG] Sending create invoice request with fields: {'wallet_to': 'R10031991', 'sum': '20.00', 'expire': '600', 'merchant_id': 'TestUser'}
[2022-10-01 22:33:02,903: DEBUG] Got response: {'status': 'success', 'id': '434e2481-3e2f-5517-1799-b554b37f2b79', 'url': 'https://acquiring.lava.ru/invoice/434e2481-3e2f-5517-1799-b554b37f2b79', 'expire': 1664685183, 'sum': '20.00', 'success_url': None, 'fail_url': None, 'hook_url': None, 'custom_fields': '', 'merchant_name': None, 'merchant_id': 'TestUser', 'pay_service': None}
[2022-10-01 22:33:02,903: INFO] Invoice created successfully: id = 434e2481-3e2f-5517-1799-b554b37f2b79; sum = 20; url = https://acquiring.lava.ru/invoice/434e2481-3e2f-5517-1799-b554b37f2b79
[2022-10-01 22:33:02,903: INFO] Get invoice status requested: user_token='2qxm3GWCHnUxSO3e7fWJFcbKRPpmYWEaK7HcPoPxu1M' id='434e2481-3e2f-5517-1799-b554b37f2b79' auto_withdraw='True'
[2022-10-01 22:33:02,903: DEBUG] Sending invoice status request with fields: {'id': '434e2481-3e2f-5517-1799-b554b37f2b79'}
[2022-10-01 22:33:03,362: DEBUG] Got response: {'status': 'success', 'invoice': {'id': '434e2481-3e2f-5517-1799-b554b37f2b79', 'order_id': None, 'expire': 1664685183, 'sum': '20.00', 'comment': None, 'status': 'pending', 'success_url': None, 'fail_url': None, 'hook_url': None, 'custom_fields': '', 'merchant_id': 'TestUser', 'merchant_name': None, 'pay_service': None, 'payer_details': None}}
[2022-10-01 22:33:03,362: INFO] Got invoice status: id = 434e2481-3e2f-5517-1799-b554b37f2b79; status = pending;
[2022-10-01 22:33:13,373: INFO] Get invoice status requested: user_token='2qxm3GWCHnUxSO3e7fWJFcbKRPpmYWEaK7HcPoPxu1M' id='434e2481-3e2f-5517-1799-b554b37f2b79' auto_withdraw='True'
[2022-10-01 22:33:13,373: DEBUG] Sending invoice status request with fields: {'id': '434e2481-3e2f-5517-1799-b554b37f2b79'}
[2022-10-01 22:33:13,884: DEBUG] Got response: {'status': 'success', 'invoice': {'id': '434e2481-3e2f-5517-1799-b554b37f2b79', 'order_id': None, 'expire': 1664685183, 'sum': '20.00', 'comment': None, 'status': 'pending', 'success_url': None, 'fail_url': None, 'hook_url': None, 'custom_fields': '', 'merchant_id': 'TestUser', 'merchant_name': None, 'pay_service': None, 'payer_details': None}}
[2022-10-01 22:33:13,885: INFO] Got invoice status: id = 434e2481-3e2f-5517-1799-b554b37f2b79; status = pending;
[2022-10-01 22:33:23,901: INFO] Get invoice status requested: user_token='2qxm3GWCHnUxSO3e7fWJFcbKRPpmYWEaK7HcPoPxu1M' id='434e2481-3e2f-5517-1799-b554b37f2b79' auto_withdraw='True'
[2022-10-01 22:33:23,902: DEBUG] Sending invoice status request with fields: {'id': '434e2481-3e2f-5517-1799-b554b37f2b79'}
[2022-10-01 22:33:24,312: DEBUG] Got response: {'status': 'success', 'invoice': {'id': '434e2481-3e2f-5517-1799-b554b37f2b79', 'order_id': None, 'expire': 1664685183, 'sum': '20.00', 'comment': None, 'status': 'pending', 'success_url': None, 'fail_url': None, 'hook_url': None, 'custom_fields': '', 'merchant_id': 'TestUser', 'merchant_name': None, 'pay_service': None, 'payer_details': None}}
[2022-10-01 22:33:24,313: INFO] Got invoice status: id = 434e2481-3e2f-5517-1799-b554b37f2b79; status = pending;
[2022-10-01 22:33:34,319: INFO] Get invoice status requested: user_token='2qxm3GWCHnUxSO3e7fWJFcbKRPpmYWEaK7HcPoPxu1M' id='434e2481-3e2f-5517-1799-b554b37f2b79' auto_withdraw='True'
[2022-10-01 22:33:34,320: DEBUG] Sending invoice status request with fields: {'id': '434e2481-3e2f-5517-1799-b554b37f2b79'}
[2022-10-01 22:33:34,758: DEBUG] Got response: {'status': 'success', 'invoice': {'id': '434e2481-3e2f-5517-1799-b554b37f2b79', 'order_id': None, 'expire': 1664685183, 'sum': '20.00', 'comment': None, 'status': 'success', 'success_url': None, 'fail_url': None, 'hook_url': None, 'custom_fields': '', 'merchant_id': 'TestUser', 'merchant_name': None, 'pay_service': None, 'payer_details': None}}
[2022-10-01 22:33:34,758: INFO] Got invoice status: id = 434e2481-3e2f-5517-1799-b554b37f2b79; status = success;
[2022-10-01 22:33:34,758: INFO] Withdraw requested: user = TestUser; service: qiwi; wallet: +79608357711; amount = 20
[2022-10-01 22:33:34,758: INFO] Sended withdraw request with fields: {'account': 'R10031991', 'amount': '12.00', 'service': 'qiwi', 'wallet_to': '+79608357711'}
[2022-10-01 22:33:35,171: INFO] [WITHDRAW] Withdraw request successfully created: 
Request: {'account': 'R10031991', 'amount': '12.00', 'service': 'qiwi', 'wallet_to': '+79608357711'}; 
Response: {'id': '50ad787f-0537-a919-1785-86c68afccb5f', 'status': 'success', 'amount': 11.65, 'commission': 0.35};
[2022-10-01 23:31:11,086: INFO] Create invoice requested: user_token='2qxm3GWCHnUxSO3e7fWJFcbKRPpmYWEaK7HcPoPxu1M' amount=20 expire=5
[2022-10-01 23:31:11,088: DEBUG] Sending create invoice request with fields: {'wallet_to': 'R10031991', 'sum': '20.00', 'expire': '600', 'merchant_id': 'TestUser'}
[2022-10-01 23:31:11,762: DEBUG] Got response: {'status': 'success', 'id': 'daa885d7-e177-2273-2a98-afd48224f173', 'url': 'https://acquiring.lava.ru/invoice/daa885d7-e177-2273-2a98-afd48224f173', 'expire': 1664688672, 'sum': '20.00', 'success_url': None, 'fail_url': None, 'hook_url': None, 'custom_fields': '', 'merchant_name': None, 'merchant_id': 'TestUser', 'pay_service': None}
[2022-10-01 23:31:11,762: INFO] Invoice created successfully: id = daa885d7-e177-2273-2a98-afd48224f173; sum = 20; url = https://acquiring.lava.ru/invoice/daa885d7-e177-2273-2a98-afd48224f173
[2022-10-01 23:31:11,804: INFO] Get invoice status requested: user_token='2qxm3GWCHnUxSO3e7fWJFcbKRPpmYWEaK7HcPoPxu1M' id='daa885d7-e177-2273-2a98-afd48224f173' auto_withdraw='True'
[2022-10-01 23:31:11,805: DEBUG] Sending invoice status request with fields: {'id': 'daa885d7-e177-2273-2a98-afd48224f173'}
[2022-10-01 23:31:12,218: DEBUG] Got response: {'status': 'success', 'invoice': {'id': 'daa885d7-e177-2273-2a98-afd48224f173', 'order_id': None, 'expire': 1664688672, 'sum': '20.00', 'comment': None, 'status': 'pending', 'success_url': None, 'fail_url': None, 'hook_url': None, 'custom_fields': '', 'merchant_id': 'TestUser', 'merchant_name': None, 'pay_service': None, 'payer_details': None}}
[2022-10-01 23:31:12,218: INFO] Got invoice status: id = daa885d7-e177-2273-2a98-afd48224f173; status = pending;
[2022-10-01 23:34:38,040: INFO] Create invoice requested: user_token='2qxm3GWCHnUxSO3e7fWJFcbKRPpmYWEaK7HcPoPxu1M' amount=20 expire=5
[2022-10-01 23:34:38,041: DEBUG] Sending create invoice request with fields: {'wallet_to': 'R10031991', 'sum': '20.00', 'expire': '600', 'merchant_id': 'TestUser'}
[2022-10-01 23:34:38,443: DEBUG] Got response: {'status': 'success', 'id': '0aaad74b-06c5-b30b-8179-f27890c9571c', 'url': 'https://acquiring.lava.ru/invoice/0aaad74b-06c5-b30b-8179-f27890c9571c', 'expire': 1664688879, 'sum': '20.00', 'success_url': None, 'fail_url': None, 'hook_url': None, 'custom_fields': '', 'merchant_name': None, 'merchant_id': 'TestUser', 'pay_service': None}
[2022-10-01 23:34:38,443: INFO] Invoice created successfully: id = 0aaad74b-06c5-b30b-8179-f27890c9571c; sum = 20; url = https://acquiring.lava.ru/invoice/0aaad74b-06c5-b30b-8179-f27890c9571c
[2022-10-01 23:34:38,458: INFO] Get invoice status requested: user_token='2qxm3GWCHnUxSO3e7fWJFcbKRPpmYWEaK7HcPoPxu1M' id='0aaad74b-06c5-b30b-8179-f27890c9571c' auto_withdraw='True'
[2022-10-01 23:34:38,459: DEBUG] Sending invoice status request with fields: {'id': '0aaad74b-06c5-b30b-8179-f27890c9571c'}
[2022-10-01 23:34:38,932: DEBUG] Got response: {'status': 'success', 'invoice': {'id': '0aaad74b-06c5-b30b-8179-f27890c9571c', 'order_id': None, 'expire': 1664688879, 'sum': '20.00', 'comment': None, 'status': 'pending', 'success_url': None, 'fail_url': None, 'hook_url': None, 'custom_fields': '', 'merchant_id': 'TestUser', 'merchant_name': None, 'pay_service': None, 'payer_details': None}}
[2022-10-01 23:34:38,932: INFO] Got invoice status: id = 0aaad74b-06c5-b30b-8179-f27890c9571c; status = pending;
[2022-10-01 23:34:44,936: INFO] Get invoice status requested: user_token='2qxm3GWCHnUxSO3e7fWJFcbKRPpmYWEaK7HcPoPxu1M' id='0aaad74b-06c5-b30b-8179-f27890c9571c' auto_withdraw='True'
[2022-10-01 23:34:44,936: DEBUG] Sending invoice status request with fields: {'id': '0aaad74b-06c5-b30b-8179-f27890c9571c'}
[2022-10-01 23:34:45,425: DEBUG] Got response: {'status': 'success', 'invoice': {'id': '0aaad74b-06c5-b30b-8179-f27890c9571c', 'order_id': None, 'expire': 1664688879, 'sum': '20.00', 'comment': None, 'status': 'pending', 'success_url': None, 'fail_url': None, 'hook_url': None, 'custom_fields': '', 'merchant_id': 'TestUser', 'merchant_name': None, 'pay_service': None, 'payer_details': None}}
[2022-10-01 23:34:45,425: INFO] Got invoice status: id = 0aaad74b-06c5-b30b-8179-f27890c9571c; status = pending;
[2022-10-01 23:34:51,428: INFO] Get invoice status requested: user_token='2qxm3GWCHnUxSO3e7fWJFcbKRPpmYWEaK7HcPoPxu1M' id='0aaad74b-06c5-b30b-8179-f27890c9571c' auto_withdraw='True'
[2022-10-01 23:34:51,428: DEBUG] Sending invoice status request with fields: {'id': '0aaad74b-06c5-b30b-8179-f27890c9571c'}
[2022-10-01 23:34:51,836: DEBUG] Got response: {'status': 'success', 'invoice': {'id': '0aaad74b-06c5-b30b-8179-f27890c9571c', 'order_id': None, 'expire': 1664688879, 'sum': '20.00', 'comment': None, 'status': 'pending', 'success_url': None, 'fail_url': None, 'hook_url': None, 'custom_fields': '', 'merchant_id': 'TestUser', 'merchant_name': None, 'pay_service': None, 'payer_details': None}}
[2022-10-01 23:34:51,836: INFO] Got invoice status: id = 0aaad74b-06c5-b30b-8179-f27890c9571c; status = pending;
[2022-10-01 23:34:57,846: INFO] Get invoice status requested: user_token='2qxm3GWCHnUxSO3e7fWJFcbKRPpmYWEaK7HcPoPxu1M' id='0aaad74b-06c5-b30b-8179-f27890c9571c' auto_withdraw='True'
[2022-10-01 23:34:57,846: DEBUG] Sending invoice status request with fields: {'id': '0aaad74b-06c5-b30b-8179-f27890c9571c'}
[2022-10-01 23:34:58,265: DEBUG] Got response: {'status': 'success', 'invoice': {'id': '0aaad74b-06c5-b30b-8179-f27890c9571c', 'order_id': None, 'expire': 1664688879, 'sum': '20.00', 'comment': None, 'status': 'pending', 'success_url': None, 'fail_url': None, 'hook_url': None, 'custom_fields': '', 'merchant_id': 'TestUser', 'merchant_name': None, 'pay_service': None, 'payer_details': None}}
[2022-10-01 23:34:58,265: INFO] Got invoice status: id = 0aaad74b-06c5-b30b-8179-f27890c9571c; status = pending;
[2022-10-01 23:35:04,268: INFO] Get invoice status requested: user_token='2qxm3GWCHnUxSO3e7fWJFcbKRPpmYWEaK7HcPoPxu1M' id='0aaad74b-06c5-b30b-8179-f27890c9571c' auto_withdraw='True'
[2022-10-01 23:35:04,269: DEBUG] Sending invoice status request with fields: {'id': '0aaad74b-06c5-b30b-8179-f27890c9571c'}
[2022-10-01 23:35:04,673: DEBUG] Got response: {'status': 'success', 'invoice': {'id': '0aaad74b-06c5-b30b-8179-f27890c9571c', 'order_id': None, 'expire': 1664688879, 'sum': '20.00', 'comment': None, 'status': 'pending', 'success_url': None, 'fail_url': None, 'hook_url': None, 'custom_fields': '', 'merchant_id': 'TestUser', 'merchant_name': None, 'pay_service': None, 'payer_details': None}}
[2022-10-01 23:35:04,673: INFO] Got invoice status: id = 0aaad74b-06c5-b30b-8179-f27890c9571c; status = pending;
[2022-10-01 23:35:10,676: INFO] Get invoice status requested: user_token='2qxm3GWCHnUxSO3e7fWJFcbKRPpmYWEaK7HcPoPxu1M' id='0aaad74b-06c5-b30b-8179-f27890c9571c' auto_withdraw='True'
[2022-10-01 23:35:10,676: DEBUG] Sending invoice status request with fields: {'id': '0aaad74b-06c5-b30b-8179-f27890c9571c'}
[2022-10-01 23:35:11,087: DEBUG] Got response: {'status': 'success', 'invoice': {'id': '0aaad74b-06c5-b30b-8179-f27890c9571c', 'order_id': None, 'expire': 1664688879, 'sum': '20.00', 'comment': None, 'status': 'pending', 'success_url': None, 'fail_url': None, 'hook_url': None, 'custom_fields': '', 'merchant_id': 'TestUser', 'merchant_name': None, 'pay_service': None, 'payer_details': None}}
[2022-10-01 23:35:11,087: INFO] Got invoice status: id = 0aaad74b-06c5-b30b-8179-f27890c9571c; status = pending;
[2022-10-01 23:35:17,091: INFO] Get invoice status requested: user_token='2qxm3GWCHnUxSO3e7fWJFcbKRPpmYWEaK7HcPoPxu1M' id='0aaad74b-06c5-b30b-8179-f27890c9571c' auto_withdraw='True'
[2022-10-01 23:35:17,091: DEBUG] Sending invoice status request with fields: {'id': '0aaad74b-06c5-b30b-8179-f27890c9571c'}
[2022-10-01 23:35:17,505: DEBUG] Got response: {'status': 'success', 'invoice': {'id': '0aaad74b-06c5-b30b-8179-f27890c9571c', 'order_id': None, 'expire': 1664688879, 'sum': '20.00', 'comment': None, 'status': 'pending', 'success_url': None, 'fail_url': None, 'hook_url': None, 'custom_fields': '', 'merchant_id': 'TestUser', 'merchant_name': None, 'pay_service': None, 'payer_details': None}}
[2022-10-01 23:35:17,505: INFO] Got invoice status: id = 0aaad74b-06c5-b30b-8179-f27890c9571c; status = pending;
[2022-10-01 23:35:23,508: INFO] Get invoice status requested: user_token='2qxm3GWCHnUxSO3e7fWJFcbKRPpmYWEaK7HcPoPxu1M' id='0aaad74b-06c5-b30b-8179-f27890c9571c' auto_withdraw='True'
[2022-10-01 23:35:23,508: DEBUG] Sending invoice status request with fields: {'id': '0aaad74b-06c5-b30b-8179-f27890c9571c'}
[2022-10-01 23:35:23,886: DEBUG] Got response: {'status': 'success', 'invoice': {'id': '0aaad74b-06c5-b30b-8179-f27890c9571c', 'order_id': None, 'expire': 1664688879, 'sum': '20.00', 'comment': None, 'status': 'pending', 'success_url': None, 'fail_url': None, 'hook_url': None, 'custom_fields': '', 'merchant_id': 'TestUser', 'merchant_name': None, 'pay_service': None, 'payer_details': None}}
[2022-10-01 23:35:23,886: INFO] Got invoice status: id = 0aaad74b-06c5-b30b-8179-f27890c9571c; status = pending;
[2022-10-01 23:35:29,889: INFO] Get invoice status requested: user_token='2qxm3GWCHnUxSO3e7fWJFcbKRPpmYWEaK7HcPoPxu1M' id='0aaad74b-06c5-b30b-8179-f27890c9571c' auto_withdraw='True'
[2022-10-01 23:35:29,890: DEBUG] Sending invoice status request with fields: {'id': '0aaad74b-06c5-b30b-8179-f27890c9571c'}
[2022-10-01 23:35:30,277: DEBUG] Got response: {'status': 'success', 'invoice': {'id': '0aaad74b-06c5-b30b-8179-f27890c9571c', 'order_id': None, 'expire': 1664688879, 'sum': '20.00', 'comment': None, 'status': 'pending', 'success_url': None, 'fail_url': None, 'hook_url': None, 'custom_fields': '', 'merchant_id': 'TestUser', 'merchant_name': None, 'pay_service': None, 'payer_details': None}}
[2022-10-01 23:35:30,277: INFO] Got invoice status: id = 0aaad74b-06c5-b30b-8179-f27890c9571c; status = pending;
[2022-10-01 23:35:36,280: INFO] Get invoice status requested: user_token='2qxm3GWCHnUxSO3e7fWJFcbKRPpmYWEaK7HcPoPxu1M' id='0aaad74b-06c5-b30b-8179-f27890c9571c' auto_withdraw='True'
[2022-10-01 23:35:36,280: DEBUG] Sending invoice status request with fields: {'id': '0aaad74b-06c5-b30b-8179-f27890c9571c'}
[2022-10-01 23:35:36,695: DEBUG] Got response: {'status': 'success', 'invoice': {'id': '0aaad74b-06c5-b30b-8179-f27890c9571c', 'order_id': None, 'expire': 1664688879, 'sum': '20.00', 'comment': None, 'status': 'pending', 'success_url': None, 'fail_url': None, 'hook_url': None, 'custom_fields': '', 'merchant_id': 'TestUser', 'merchant_name': None, 'pay_service': None, 'payer_details': None}}
[2022-10-01 23:35:36,695: INFO] Got invoice status: id = 0aaad74b-06c5-b30b-8179-f27890c9571c; status = pending;
[2022-10-01 23:35:42,698: INFO] Get invoice status requested: user_token='2qxm3GWCHnUxSO3e7fWJFcbKRPpmYWEaK7HcPoPxu1M' id='0aaad74b-06c5-b30b-8179-f27890c9571c' auto_withdraw='True'
[2022-10-01 23:35:42,699: DEBUG] Sending invoice status request with fields: {'id': '0aaad74b-06c5-b30b-8179-f27890c9571c'}
[2022-10-01 23:35:43,121: DEBUG] Got response: {'status': 'success', 'invoice': {'id': '0aaad74b-06c5-b30b-8179-f27890c9571c', 'order_id': None, 'expire': 1664688879, 'sum': '20.00', 'comment': None, 'status': 'pending', 'success_url': None, 'fail_url': None, 'hook_url': None, 'custom_fields': '', 'merchant_id': 'TestUser', 'merchant_name': None, 'pay_service': None, 'payer_details': None}}
[2022-10-01 23:35:43,122: INFO] Got invoice status: id = 0aaad74b-06c5-b30b-8179-f27890c9571c; status = pending;
[2022-10-01 23:35:49,125: INFO] Get invoice status requested: user_token='2qxm3GWCHnUxSO3e7fWJFcbKRPpmYWEaK7HcPoPxu1M' id='0aaad74b-06c5-b30b-8179-f27890c9571c' auto_withdraw='True'
[2022-10-01 23:35:49,125: DEBUG] Sending invoice status request with fields: {'id': '0aaad74b-06c5-b30b-8179-f27890c9571c'}
[2022-10-01 23:35:49,520: DEBUG] Got response: {'status': 'success', 'invoice': {'id': '0aaad74b-06c5-b30b-8179-f27890c9571c', 'order_id': None, 'expire': 1664688879, 'sum': '20.00', 'comment': None, 'status': 'pending', 'success_url': None, 'fail_url': None, 'hook_url': None, 'custom_fields': '', 'merchant_id': 'TestUser', 'merchant_name': None, 'pay_service': None, 'payer_details': None}}
[2022-10-01 23:35:49,520: INFO] Got invoice status: id = 0aaad74b-06c5-b30b-8179-f27890c9571c; status = pending;
[2022-10-01 23:35:55,221: INFO] Create invoice requested: user_token='2qxm3GWCHnUxSO3e7fWJFcbKRPpmYWEaK7HcPoPxu1M' amount=20 expire=5
[2022-10-01 23:35:55,221: DEBUG] Sending create invoice request with fields: {'wallet_to': 'R10031991', 'sum': '20.00', 'expire': '600', 'merchant_id': 'TestUser'}
[2022-10-01 23:35:55,626: DEBUG] Got response: {'status': 'success', 'id': '5a831a7c-4b53-388e-6a4e-602a9cb789ee', 'url': 'https://acquiring.lava.ru/invoice/5a831a7c-4b53-388e-6a4e-602a9cb789ee', 'expire': 1664688956, 'sum': '20.00', 'success_url': None, 'fail_url': None, 'hook_url': None, 'custom_fields': '', 'merchant_name': None, 'merchant_id': 'TestUser', 'pay_service': None}
[2022-10-01 23:35:55,626: INFO] Invoice created successfully: id = 5a831a7c-4b53-388e-6a4e-602a9cb789ee; sum = 20; url = https://acquiring.lava.ru/invoice/5a831a7c-4b53-388e-6a4e-602a9cb789ee
[2022-10-01 23:35:55,628: INFO] Get invoice status requested: user_token='2qxm3GWCHnUxSO3e7fWJFcbKRPpmYWEaK7HcPoPxu1M' id='0aaad74b-06c5-b30b-8179-f27890c9571c' auto_withdraw='True'
[2022-10-01 23:35:55,628: DEBUG] Sending invoice status request with fields: {'id': '0aaad74b-06c5-b30b-8179-f27890c9571c'}
[2022-10-01 23:35:56,022: DEBUG] Got response: {'status': 'success', 'invoice': {'id': '0aaad74b-06c5-b30b-8179-f27890c9571c', 'order_id': None, 'expire': 1664688879, 'sum': '20.00', 'comment': None, 'status': 'pending', 'success_url': None, 'fail_url': None, 'hook_url': None, 'custom_fields': '', 'merchant_id': 'TestUser', 'merchant_name': None, 'pay_service': None, 'payer_details': None}}
[2022-10-01 23:35:56,022: INFO] Got invoice status: id = 0aaad74b-06c5-b30b-8179-f27890c9571c; status = pending;
[2022-10-01 23:35:56,024: INFO] Get invoice status requested: user_token='2qxm3GWCHnUxSO3e7fWJFcbKRPpmYWEaK7HcPoPxu1M' id='5a831a7c-4b53-388e-6a4e-602a9cb789ee' auto_withdraw='True'
[2022-10-01 23:35:56,025: DEBUG] Sending invoice status request with fields: {'id': '5a831a7c-4b53-388e-6a4e-602a9cb789ee'}
[2022-10-01 23:35:56,419: DEBUG] Got response: {'status': 'success', 'invoice': {'id': '5a831a7c-4b53-388e-6a4e-602a9cb789ee', 'order_id': None, 'expire': 1664688956, 'sum': '20.00', 'comment': None, 'status': 'pending', 'success_url': None, 'fail_url': None, 'hook_url': None, 'custom_fields': '', 'merchant_id': 'TestUser', 'merchant_name': None, 'pay_service': None, 'payer_details': None}}
[2022-10-01 23:35:56,419: INFO] Got invoice status: id = 5a831a7c-4b53-388e-6a4e-602a9cb789ee; status = pending;
[2022-10-01 23:36:02,024: INFO] Get invoice status requested: user_token='2qxm3GWCHnUxSO3e7fWJFcbKRPpmYWEaK7HcPoPxu1M' id='0aaad74b-06c5-b30b-8179-f27890c9571c' auto_withdraw='True'
[2022-10-01 23:36:02,024: DEBUG] Sending invoice status request with fields: {'id': '0aaad74b-06c5-b30b-8179-f27890c9571c'}
[2022-10-01 23:36:02,492: DEBUG] Got response: {'status': 'success', 'invoice': {'id': '0aaad74b-06c5-b30b-8179-f27890c9571c', 'order_id': None, 'expire': 1664688879, 'sum': '20.00', 'comment': None, 'status': 'pending', 'success_url': None, 'fail_url': None, 'hook_url': None, 'custom_fields': '', 'merchant_id': 'TestUser', 'merchant_name': None, 'pay_service': None, 'payer_details': None}}
[2022-10-01 23:36:02,492: INFO] Got invoice status: id = 0aaad74b-06c5-b30b-8179-f27890c9571c; status = pending;
[2022-10-01 23:36:02,493: INFO] Get invoice status requested: user_token='2qxm3GWCHnUxSO3e7fWJFcbKRPpmYWEaK7HcPoPxu1M' id='5a831a7c-4b53-388e-6a4e-602a9cb789ee' auto_withdraw='True'
[2022-10-01 23:36:02,494: DEBUG] Sending invoice status request with fields: {'id': '5a831a7c-4b53-388e-6a4e-602a9cb789ee'}
[2022-10-01 23:36:02,923: DEBUG] Got response: {'status': 'success', 'invoice': {'id': '5a831a7c-4b53-388e-6a4e-602a9cb789ee', 'order_id': None, 'expire': 1664688956, 'sum': '20.00', 'comment': None, 'status': 'pending', 'success_url': None, 'fail_url': None, 'hook_url': None, 'custom_fields': '', 'merchant_id': 'TestUser', 'merchant_name': None, 'pay_service': None, 'payer_details': None}}
[2022-10-01 23:36:02,923: INFO] Got invoice status: id = 5a831a7c-4b53-388e-6a4e-602a9cb789ee; status = pending;
[2022-10-01 23:36:08,494: INFO] Get invoice status requested: user_token='2qxm3GWCHnUxSO3e7fWJFcbKRPpmYWEaK7HcPoPxu1M' id='0aaad74b-06c5-b30b-8179-f27890c9571c' auto_withdraw='True'
[2022-10-01 23:36:08,495: DEBUG] Sending invoice status request with fields: {'id': '0aaad74b-06c5-b30b-8179-f27890c9571c'}
[2022-10-01 23:36:08,890: DEBUG] Got response: {'status': 'success', 'invoice': {'id': '0aaad74b-06c5-b30b-8179-f27890c9571c', 'order_id': None, 'expire': 1664688879, 'sum': '20.00', 'comment': None, 'status': 'pending', 'success_url': None, 'fail_url': None, 'hook_url': None, 'custom_fields': '', 'merchant_id': 'TestUser', 'merchant_name': None, 'pay_service': None, 'payer_details': None}}
[2022-10-01 23:36:08,890: INFO] Got invoice status: id = 0aaad74b-06c5-b30b-8179-f27890c9571c; status = pending;
[2022-10-01 23:36:08,926: INFO] Get invoice status requested: user_token='2qxm3GWCHnUxSO3e7fWJFcbKRPpmYWEaK7HcPoPxu1M' id='5a831a7c-4b53-388e-6a4e-602a9cb789ee' auto_withdraw='True'
[2022-10-01 23:36:08,926: DEBUG] Sending invoice status request with fields: {'id': '5a831a7c-4b53-388e-6a4e-602a9cb789ee'}
[2022-10-01 23:36:09,343: DEBUG] Got response: {'status': 'success', 'invoice': {'id': '5a831a7c-4b53-388e-6a4e-602a9cb789ee', 'order_id': None, 'expire': 1664688956, 'sum': '20.00', 'comment': None, 'status': 'pending', 'success_url': None, 'fail_url': None, 'hook_url': None, 'custom_fields': '', 'merchant_id': 'TestUser', 'merchant_name': None, 'pay_service': None, 'payer_details': None}}
[2022-10-01 23:36:09,343: INFO] Got invoice status: id = 5a831a7c-4b53-388e-6a4e-602a9cb789ee; status = pending;
[2022-10-01 23:36:14,893: INFO] Get invoice status requested: user_token='2qxm3GWCHnUxSO3e7fWJFcbKRPpmYWEaK7HcPoPxu1M' id='0aaad74b-06c5-b30b-8179-f27890c9571c' auto_withdraw='True'
[2022-10-01 23:36:14,893: DEBUG] Sending invoice status request with fields: {'id': '0aaad74b-06c5-b30b-8179-f27890c9571c'}
[2022-10-01 23:36:15,282: DEBUG] Got response: {'status': 'success', 'invoice': {'id': '0aaad74b-06c5-b30b-8179-f27890c9571c', 'order_id': None, 'expire': 1664688879, 'sum': '20.00', 'comment': None, 'status': 'pending', 'success_url': None, 'fail_url': None, 'hook_url': None, 'custom_fields': '', 'merchant_id': 'TestUser', 'merchant_name': None, 'pay_service': None, 'payer_details': None}}
[2022-10-01 23:36:15,282: INFO] Got invoice status: id = 0aaad74b-06c5-b30b-8179-f27890c9571c; status = pending;
[2022-10-01 23:36:15,347: INFO] Get invoice status requested: user_token='2qxm3GWCHnUxSO3e7fWJFcbKRPpmYWEaK7HcPoPxu1M' id='5a831a7c-4b53-388e-6a4e-602a9cb789ee' auto_withdraw='True'
[2022-10-01 23:36:15,347: DEBUG] Sending invoice status request with fields: {'id': '5a831a7c-4b53-388e-6a4e-602a9cb789ee'}
[2022-10-01 23:36:15,761: DEBUG] Got response: {'status': 'success', 'invoice': {'id': '5a831a7c-4b53-388e-6a4e-602a9cb789ee', 'order_id': None, 'expire': 1664688956, 'sum': '20.00', 'comment': None, 'status': 'pending', 'success_url': None, 'fail_url': None, 'hook_url': None, 'custom_fields': '', 'merchant_id': 'TestUser', 'merchant_name': None, 'pay_service': None, 'payer_details': None}}
[2022-10-01 23:36:15,761: INFO] Got invoice status: id = 5a831a7c-4b53-388e-6a4e-602a9cb789ee; status = pending;
[2022-10-01 23:36:21,285: INFO] Get invoice status requested: user_token='2qxm3GWCHnUxSO3e7fWJFcbKRPpmYWEaK7HcPoPxu1M' id='0aaad74b-06c5-b30b-8179-f27890c9571c' auto_withdraw='True'
[2022-10-01 23:36:21,286: DEBUG] Sending invoice status request with fields: {'id': '0aaad74b-06c5-b30b-8179-f27890c9571c'}
[2022-10-01 23:36:21,695: DEBUG] Got response: {'status': 'success', 'invoice': {'id': '0aaad74b-06c5-b30b-8179-f27890c9571c', 'order_id': None, 'expire': 1664688879, 'sum': '20.00', 'comment': None, 'status': 'pending', 'success_url': None, 'fail_url': None, 'hook_url': None, 'custom_fields': '', 'merchant_id': 'TestUser', 'merchant_name': None, 'pay_service': None, 'payer_details': None}}
[2022-10-01 23:36:21,695: INFO] Got invoice status: id = 0aaad74b-06c5-b30b-8179-f27890c9571c; status = pending;
[2022-10-01 23:36:21,764: INFO] Get invoice status requested: user_token='2qxm3GWCHnUxSO3e7fWJFcbKRPpmYWEaK7HcPoPxu1M' id='5a831a7c-4b53-388e-6a4e-602a9cb789ee' auto_withdraw='True'
[2022-10-01 23:36:21,764: DEBUG] Sending invoice status request with fields: {'id': '5a831a7c-4b53-388e-6a4e-602a9cb789ee'}
[2022-10-01 23:36:22,157: DEBUG] Got response: {'status': 'success', 'invoice': {'id': '5a831a7c-4b53-388e-6a4e-602a9cb789ee', 'order_id': None, 'expire': 1664688956, 'sum': '20.00', 'comment': None, 'status': 'pending', 'success_url': None, 'fail_url': None, 'hook_url': None, 'custom_fields': '', 'merchant_id': 'TestUser', 'merchant_name': None, 'pay_service': None, 'payer_details': None}}
[2022-10-01 23:36:22,157: INFO] Got invoice status: id = 5a831a7c-4b53-388e-6a4e-602a9cb789ee; status = pending;
[2022-10-01 23:36:27,699: INFO] Get invoice status requested: user_token='2qxm3GWCHnUxSO3e7fWJFcbKRPpmYWEaK7HcPoPxu1M' id='0aaad74b-06c5-b30b-8179-f27890c9571c' auto_withdraw='True'
[2022-10-01 23:36:27,699: DEBUG] Sending invoice status request with fields: {'id': '0aaad74b-06c5-b30b-8179-f27890c9571c'}
[2022-10-01 23:36:28,095: DEBUG] Got response: {'status': 'success', 'invoice': {'id': '0aaad74b-06c5-b30b-8179-f27890c9571c', 'order_id': None, 'expire': 1664688879, 'sum': '20.00', 'comment': None, 'status': 'pending', 'success_url': None, 'fail_url': None, 'hook_url': None, 'custom_fields': '', 'merchant_id': 'TestUser', 'merchant_name': None, 'pay_service': None, 'payer_details': None}}
[2022-10-01 23:36:28,095: INFO] Got invoice status: id = 0aaad74b-06c5-b30b-8179-f27890c9571c; status = pending;
[2022-10-01 23:36:28,160: INFO] Get invoice status requested: user_token='2qxm3GWCHnUxSO3e7fWJFcbKRPpmYWEaK7HcPoPxu1M' id='5a831a7c-4b53-388e-6a4e-602a9cb789ee' auto_withdraw='True'
[2022-10-01 23:36:28,160: DEBUG] Sending invoice status request with fields: {'id': '5a831a7c-4b53-388e-6a4e-602a9cb789ee'}
[2022-10-01 23:36:28,564: DEBUG] Got response: {'status': 'success', 'invoice': {'id': '5a831a7c-4b53-388e-6a4e-602a9cb789ee', 'order_id': None, 'expire': 1664688956, 'sum': '20.00', 'comment': None, 'status': 'success', 'success_url': None, 'fail_url': None, 'hook_url': None, 'custom_fields': '', 'merchant_id': 'TestUser', 'merchant_name': None, 'pay_service': None, 'payer_details': None}}
[2022-10-01 23:36:28,564: INFO] Got invoice status: id = 5a831a7c-4b53-388e-6a4e-602a9cb789ee; status = success;
[2022-10-01 23:36:28,564: INFO] Withdraw requested: user = TestUser; service: qiwi; wallet: +79608357711; amount = 20
[2022-10-01 23:36:28,564: INFO] Sended withdraw request with fields: {'account': 'R10031991', 'amount': '12.00', 'service': 'qiwi', 'wallet_to': '+79608357711'}
[2022-10-01 23:36:28,971: INFO] [WITHDRAW] Withdraw request successfully created: 
Request: {'account': 'R10031991', 'amount': '12.00', 'service': 'qiwi', 'wallet_to': '+79608357711'}; 
Response: {'id': '056288e6-01a1-d8fc-8979-a462916a58f4', 'status': 'success', 'amount': 11.65, 'commission': 0.35};
[2022-10-01 23:36:34,098: INFO] Get invoice status requested: user_token='2qxm3GWCHnUxSO3e7fWJFcbKRPpmYWEaK7HcPoPxu1M' id='0aaad74b-06c5-b30b-8179-f27890c9571c' auto_withdraw='True'
[2022-10-01 23:36:34,098: DEBUG] Sending invoice status request with fields: {'id': '0aaad74b-06c5-b30b-8179-f27890c9571c'}
[2022-10-01 23:36:34,485: DEBUG] Got response: {'status': 'success', 'invoice': {'id': '0aaad74b-06c5-b30b-8179-f27890c9571c', 'order_id': None, 'expire': 1664688879, 'sum': '20.00', 'comment': None, 'status': 'pending', 'success_url': None, 'fail_url': None, 'hook_url': None, 'custom_fields': '', 'merchant_id': 'TestUser', 'merchant_name': None, 'pay_service': None, 'payer_details': None}}
[2022-10-01 23:36:34,485: INFO] Got invoice status: id = 0aaad74b-06c5-b30b-8179-f27890c9571c; status = pending;
[2022-10-01 23:36:40,488: INFO] Get invoice status requested: user_token='2qxm3GWCHnUxSO3e7fWJFcbKRPpmYWEaK7HcPoPxu1M' id='0aaad74b-06c5-b30b-8179-f27890c9571c' auto_withdraw='True'
[2022-10-01 23:36:40,488: DEBUG] Sending invoice status request with fields: {'id': '0aaad74b-06c5-b30b-8179-f27890c9571c'}
[2022-10-01 23:36:40,917: DEBUG] Got response: {'status': 'success', 'invoice': {'id': '0aaad74b-06c5-b30b-8179-f27890c9571c', 'order_id': None, 'expire': 1664688879, 'sum': '20.00', 'comment': None, 'status': 'pending', 'success_url': None, 'fail_url': None, 'hook_url': None, 'custom_fields': '', 'merchant_id': 'TestUser', 'merchant_name': None, 'pay_service': None, 'payer_details': None}}
[2022-10-01 23:36:40,917: INFO] Got invoice status: id = 0aaad74b-06c5-b30b-8179-f27890c9571c; status = pending;
[2022-10-01 23:36:46,920: INFO] Get invoice status requested: user_token='2qxm3GWCHnUxSO3e7fWJFcbKRPpmYWEaK7HcPoPxu1M' id='0aaad74b-06c5-b30b-8179-f27890c9571c' auto_withdraw='True'
[2022-10-01 23:36:46,920: DEBUG] Sending invoice status request with fields: {'id': '0aaad74b-06c5-b30b-8179-f27890c9571c'}
[2022-10-01 23:36:47,355: DEBUG] Got response: {'status': 'success', 'invoice': {'id': '0aaad74b-06c5-b30b-8179-f27890c9571c', 'order_id': None, 'expire': 1664688879, 'sum': '20.00', 'comment': None, 'status': 'pending', 'success_url': None, 'fail_url': None, 'hook_url': None, 'custom_fields': '', 'merchant_id': 'TestUser', 'merchant_name': None, 'pay_service': None, 'payer_details': None}}
[2022-10-01 23:36:47,355: INFO] Got invoice status: id = 0aaad74b-06c5-b30b-8179-f27890c9571c; status = pending;
[2022-10-01 23:36:53,359: INFO] Get invoice status requested: user_token='2qxm3GWCHnUxSO3e7fWJFcbKRPpmYWEaK7HcPoPxu1M' id='0aaad74b-06c5-b30b-8179-f27890c9571c' auto_withdraw='True'
[2022-10-01 23:36:53,359: DEBUG] Sending invoice status request with fields: {'id': '0aaad74b-06c5-b30b-8179-f27890c9571c'}
[2022-10-01 23:36:53,735: DEBUG] Got response: {'status': 'success', 'invoice': {'id': '0aaad74b-06c5-b30b-8179-f27890c9571c', 'order_id': None, 'expire': 1664688879, 'sum': '20.00', 'comment': None, 'status': 'pending', 'success_url': None, 'fail_url': None, 'hook_url': None, 'custom_fields': '', 'merchant_id': 'TestUser', 'merchant_name': None, 'pay_service': None, 'payer_details': None}}
[2022-10-01 23:36:53,735: INFO] Got invoice status: id = 0aaad74b-06c5-b30b-8179-f27890c9571c; status = pending;
[2022-10-01 23:36:59,738: INFO] Get invoice status requested: user_token='2qxm3GWCHnUxSO3e7fWJFcbKRPpmYWEaK7HcPoPxu1M' id='0aaad74b-06c5-b30b-8179-f27890c9571c' auto_withdraw='True'
[2022-10-01 23:36:59,739: DEBUG] Sending invoice status request with fields: {'id': '0aaad74b-06c5-b30b-8179-f27890c9571c'}
[2022-10-01 23:37:00,139: DEBUG] Got response: {'status': 'success', 'invoice': {'id': '0aaad74b-06c5-b30b-8179-f27890c9571c', 'order_id': None, 'expire': 1664688879, 'sum': '20.00', 'comment': None, 'status': 'pending', 'success_url': None, 'fail_url': None, 'hook_url': None, 'custom_fields': '', 'merchant_id': 'TestUser', 'merchant_name': None, 'pay_service': None, 'payer_details': None}}
[2022-10-01 23:37:00,139: INFO] Got invoice status: id = 0aaad74b-06c5-b30b-8179-f27890c9571c; status = pending;
[2022-10-01 23:37:06,142: INFO] Get invoice status requested: user_token='2qxm3GWCHnUxSO3e7fWJFcbKRPpmYWEaK7HcPoPxu1M' id='0aaad74b-06c5-b30b-8179-f27890c9571c' auto_withdraw='True'
[2022-10-01 23:37:06,143: DEBUG] Sending invoice status request with fields: {'id': '0aaad74b-06c5-b30b-8179-f27890c9571c'}
[2022-10-01 23:37:06,541: DEBUG] Got response: {'status': 'success', 'invoice': {'id': '0aaad74b-06c5-b30b-8179-f27890c9571c', 'order_id': None, 'expire': 1664688879, 'sum': '20.00', 'comment': None, 'status': 'pending', 'success_url': None, 'fail_url': None, 'hook_url': None, 'custom_fields': '', 'merchant_id': 'TestUser', 'merchant_name': None, 'pay_service': None, 'payer_details': None}}
[2022-10-01 23:37:06,541: INFO] Got invoice status: id = 0aaad74b-06c5-b30b-8179-f27890c9571c; status = pending;
[2022-10-01 23:37:12,544: INFO] Get invoice status requested: user_token='2qxm3GWCHnUxSO3e7fWJFcbKRPpmYWEaK7HcPoPxu1M' id='0aaad74b-06c5-b30b-8179-f27890c9571c' auto_withdraw='True'
[2022-10-01 23:37:12,544: DEBUG] Sending invoice status request with fields: {'id': '0aaad74b-06c5-b30b-8179-f27890c9571c'}
[2022-10-01 23:37:12,917: DEBUG] Got response: {'status': 'success', 'invoice': {'id': '0aaad74b-06c5-b30b-8179-f27890c9571c', 'order_id': None, 'expire': 1664688879, 'sum': '20.00', 'comment': None, 'status': 'pending', 'success_url': None, 'fail_url': None, 'hook_url': None, 'custom_fields': '', 'merchant_id': 'TestUser', 'merchant_name': None, 'pay_service': None, 'payer_details': None}}
[2022-10-01 23:37:12,917: INFO] Got invoice status: id = 0aaad74b-06c5-b30b-8179-f27890c9571c; status = pending;
[2022-10-01 23:37:18,919: INFO] Get invoice status requested: user_token='2qxm3GWCHnUxSO3e7fWJFcbKRPpmYWEaK7HcPoPxu1M' id='0aaad74b-06c5-b30b-8179-f27890c9571c' auto_withdraw='True'
[2022-10-01 23:37:18,920: DEBUG] Sending invoice status request with fields: {'id': '0aaad74b-06c5-b30b-8179-f27890c9571c'}
[2022-10-01 23:37:19,287: DEBUG] Got response: {'status': 'success', 'invoice': {'id': '0aaad74b-06c5-b30b-8179-f27890c9571c', 'order_id': None, 'expire': 1664688879, 'sum': '20.00', 'comment': None, 'status': 'pending', 'success_url': None, 'fail_url': None, 'hook_url': None, 'custom_fields': '', 'merchant_id': 'TestUser', 'merchant_name': None, 'pay_service': None, 'payer_details': None}}
[2022-10-01 23:37:19,287: INFO] Got invoice status: id = 0aaad74b-06c5-b30b-8179-f27890c9571c; status = pending;
[2022-10-01 23:37:25,290: INFO] Get invoice status requested: user_token='2qxm3GWCHnUxSO3e7fWJFcbKRPpmYWEaK7HcPoPxu1M' id='0aaad74b-06c5-b30b-8179-f27890c9571c' auto_withdraw='True'
[2022-10-01 23:37:25,290: DEBUG] Sending invoice status request with fields: {'id': '0aaad74b-06c5-b30b-8179-f27890c9571c'}
[2022-10-01 23:37:25,766: DEBUG] Got response: {'status': 'success', 'invoice': {'id': '0aaad74b-06c5-b30b-8179-f27890c9571c', 'order_id': None, 'expire': 1664688879, 'sum': '20.00', 'comment': None, 'status': 'pending', 'success_url': None, 'fail_url': None, 'hook_url': None, 'custom_fields': '', 'merchant_id': 'TestUser', 'merchant_name': None, 'pay_service': None, 'payer_details': None}}
[2022-10-01 23:37:25,767: INFO] Got invoice status: id = 0aaad74b-06c5-b30b-8179-f27890c9571c; status = pending;
[2022-10-01 23:37:31,769: INFO] Get invoice status requested: user_token='2qxm3GWCHnUxSO3e7fWJFcbKRPpmYWEaK7HcPoPxu1M' id='0aaad74b-06c5-b30b-8179-f27890c9571c' auto_withdraw='True'
[2022-10-01 23:37:31,770: DEBUG] Sending invoice status request with fields: {'id': '0aaad74b-06c5-b30b-8179-f27890c9571c'}
[2022-10-01 23:37:32,151: DEBUG] Got response: {'status': 'success', 'invoice': {'id': '0aaad74b-06c5-b30b-8179-f27890c9571c', 'order_id': None, 'expire': 1664688879, 'sum': '20.00', 'comment': None, 'status': 'pending', 'success_url': None, 'fail_url': None, 'hook_url': None, 'custom_fields': '', 'merchant_id': 'TestUser', 'merchant_name': None, 'pay_service': None, 'payer_details': None}}
[2022-10-01 23:37:32,152: INFO] Got invoice status: id = 0aaad74b-06c5-b30b-8179-f27890c9571c; status = pending;
[2022-10-01 23:37:38,154: INFO] Get invoice status requested: user_token='2qxm3GWCHnUxSO3e7fWJFcbKRPpmYWEaK7HcPoPxu1M' id='0aaad74b-06c5-b30b-8179-f27890c9571c' auto_withdraw='True'
[2022-10-01 23:37:38,154: DEBUG] Sending invoice status request with fields: {'id': '0aaad74b-06c5-b30b-8179-f27890c9571c'}
[2022-10-01 23:37:38,698: DEBUG] Got response: {'status': 'success', 'invoice': {'id': '0aaad74b-06c5-b30b-8179-f27890c9571c', 'order_id': None, 'expire': 1664688879, 'sum': '20.00', 'comment': None, 'status': 'pending', 'success_url': None, 'fail_url': None, 'hook_url': None, 'custom_fields': '', 'merchant_id': 'TestUser', 'merchant_name': None, 'pay_service': None, 'payer_details': None}}
[2022-10-01 23:37:38,698: INFO] Got invoice status: id = 0aaad74b-06c5-b30b-8179-f27890c9571c; status = pending;
[2022-10-01 23:37:44,701: INFO] Get invoice status requested: user_token='2qxm3GWCHnUxSO3e7fWJFcbKRPpmYWEaK7HcPoPxu1M' id='0aaad74b-06c5-b30b-8179-f27890c9571c' auto_withdraw='True'
[2022-10-01 23:37:44,701: DEBUG] Sending invoice status request with fields: {'id': '0aaad74b-06c5-b30b-8179-f27890c9571c'}
[2022-10-01 23:37:45,056: DEBUG] Got response: {'status': 'success', 'invoice': {'id': '0aaad74b-06c5-b30b-8179-f27890c9571c', 'order_id': None, 'expire': 1664688879, 'sum': '20.00', 'comment': None, 'status': 'pending', 'success_url': None, 'fail_url': None, 'hook_url': None, 'custom_fields': '', 'merchant_id': 'TestUser', 'merchant_name': None, 'pay_service': None, 'payer_details': None}}
[2022-10-01 23:37:45,056: INFO] Got invoice status: id = 0aaad74b-06c5-b30b-8179-f27890c9571c; status = pending;
[2022-10-01 23:37:51,059: INFO] Get invoice status requested: user_token='2qxm3GWCHnUxSO3e7fWJFcbKRPpmYWEaK7HcPoPxu1M' id='0aaad74b-06c5-b30b-8179-f27890c9571c' auto_withdraw='True'
[2022-10-01 23:37:51,060: DEBUG] Sending invoice status request with fields: {'id': '0aaad74b-06c5-b30b-8179-f27890c9571c'}
[2022-10-01 23:37:51,449: DEBUG] Got response: {'status': 'success', 'invoice': {'id': '0aaad74b-06c5-b30b-8179-f27890c9571c', 'order_id': None, 'expire': 1664688879, 'sum': '20.00', 'comment': None, 'status': 'pending', 'success_url': None, 'fail_url': None, 'hook_url': None, 'custom_fields': '', 'merchant_id': 'TestUser', 'merchant_name': None, 'pay_service': None, 'payer_details': None}}
[2022-10-01 23:37:51,450: INFO] Got invoice status: id = 0aaad74b-06c5-b30b-8179-f27890c9571c; status = pending;
[2022-10-01 23:37:57,454: INFO] Get invoice status requested: user_token='2qxm3GWCHnUxSO3e7fWJFcbKRPpmYWEaK7HcPoPxu1M' id='0aaad74b-06c5-b30b-8179-f27890c9571c' auto_withdraw='True'
[2022-10-01 23:37:57,454: DEBUG] Sending invoice status request with fields: {'id': '0aaad74b-06c5-b30b-8179-f27890c9571c'}
[2022-10-01 23:37:57,976: DEBUG] Got response: {'status': 'success', 'invoice': {'id': '0aaad74b-06c5-b30b-8179-f27890c9571c', 'order_id': None, 'expire': 1664688879, 'sum': '20.00', 'comment': None, 'status': 'pending', 'success_url': None, 'fail_url': None, 'hook_url': None, 'custom_fields': '', 'merchant_id': 'TestUser', 'merchant_name': None, 'pay_service': None, 'payer_details': None}}
[2022-10-01 23:37:57,977: INFO] Got invoice status: id = 0aaad74b-06c5-b30b-8179-f27890c9571c; status = pending;
[2022-10-01 23:38:03,979: INFO] Get invoice status requested: user_token='2qxm3GWCHnUxSO3e7fWJFcbKRPpmYWEaK7HcPoPxu1M' id='0aaad74b-06c5-b30b-8179-f27890c9571c' auto_withdraw='True'
[2022-10-01 23:38:03,979: DEBUG] Sending invoice status request with fields: {'id': '0aaad74b-06c5-b30b-8179-f27890c9571c'}
[2022-10-01 23:38:04,473: DEBUG] Got response: {'status': 'success', 'invoice': {'id': '0aaad74b-06c5-b30b-8179-f27890c9571c', 'order_id': None, 'expire': 1664688879, 'sum': '20.00', 'comment': None, 'status': 'pending', 'success_url': None, 'fail_url': None, 'hook_url': None, 'custom_fields': '', 'merchant_id': 'TestUser', 'merchant_name': None, 'pay_service': None, 'payer_details': None}}
[2022-10-01 23:38:04,473: INFO] Got invoice status: id = 0aaad74b-06c5-b30b-8179-f27890c9571c; status = pending;
[2022-10-01 23:38:10,476: INFO] Get invoice status requested: user_token='2qxm3GWCHnUxSO3e7fWJFcbKRPpmYWEaK7HcPoPxu1M' id='0aaad74b-06c5-b30b-8179-f27890c9571c' auto_withdraw='True'
[2022-10-01 23:38:10,476: DEBUG] Sending invoice status request with fields: {'id': '0aaad74b-06c5-b30b-8179-f27890c9571c'}
[2022-10-01 23:38:10,923: DEBUG] Got response: {'status': 'success', 'invoice': {'id': '0aaad74b-06c5-b30b-8179-f27890c9571c', 'order_id': None, 'expire': 1664688879, 'sum': '20.00', 'comment': None, 'status': 'pending', 'success_url': None, 'fail_url': None, 'hook_url': None, 'custom_fields': '', 'merchant_id': 'TestUser', 'merchant_name': None, 'pay_service': None, 'payer_details': None}}
[2022-10-01 23:38:10,923: INFO] Got invoice status: id = 0aaad74b-06c5-b30b-8179-f27890c9571c; status = pending;
[2022-10-01 23:38:16,926: INFO] Get invoice status requested: user_token='2qxm3GWCHnUxSO3e7fWJFcbKRPpmYWEaK7HcPoPxu1M' id='0aaad74b-06c5-b30b-8179-f27890c9571c' auto_withdraw='True'
[2022-10-01 23:38:16,926: DEBUG] Sending invoice status request with fields: {'id': '0aaad74b-06c5-b30b-8179-f27890c9571c'}
[2022-10-01 23:38:17,318: DEBUG] Got response: {'status': 'success', 'invoice': {'id': '0aaad74b-06c5-b30b-8179-f27890c9571c', 'order_id': None, 'expire': 1664688879, 'sum': '20.00', 'comment': None, 'status': 'pending', 'success_url': None, 'fail_url': None, 'hook_url': None, 'custom_fields': '', 'merchant_id': 'TestUser', 'merchant_name': None, 'pay_service': None, 'payer_details': None}}
[2022-10-01 23:38:17,318: INFO] Got invoice status: id = 0aaad74b-06c5-b30b-8179-f27890c9571c; status = pending;
[2022-10-01 23:38:23,324: INFO] Get invoice status requested: user_token='2qxm3GWCHnUxSO3e7fWJFcbKRPpmYWEaK7HcPoPxu1M' id='0aaad74b-06c5-b30b-8179-f27890c9571c' auto_withdraw='True'
[2022-10-01 23:38:23,325: DEBUG] Sending invoice status request with fields: {'id': '0aaad74b-06c5-b30b-8179-f27890c9571c'}
[2022-10-01 23:38:23,733: DEBUG] Got response: {'status': 'success', 'invoice': {'id': '0aaad74b-06c5-b30b-8179-f27890c9571c', 'order_id': None, 'expire': 1664688879, 'sum': '20.00', 'comment': None, 'status': 'pending', 'success_url': None, 'fail_url': None, 'hook_url': None, 'custom_fields': '', 'merchant_id': 'TestUser', 'merchant_name': None, 'pay_service': None, 'payer_details': None}}
[2022-10-01 23:38:23,733: INFO] Got invoice status: id = 0aaad74b-06c5-b30b-8179-f27890c9571c; status = pending;
[2022-10-01 23:38:29,736: INFO] Get invoice status requested: user_token='2qxm3GWCHnUxSO3e7fWJFcbKRPpmYWEaK7HcPoPxu1M' id='0aaad74b-06c5-b30b-8179-f27890c9571c' auto_withdraw='True'
[2022-10-01 23:38:29,736: DEBUG] Sending invoice status request with fields: {'id': '0aaad74b-06c5-b30b-8179-f27890c9571c'}
[2022-10-01 23:38:30,138: DEBUG] Got response: {'status': 'success', 'invoice': {'id': '0aaad74b-06c5-b30b-8179-f27890c9571c', 'order_id': None, 'expire': 1664688879, 'sum': '20.00', 'comment': None, 'status': 'pending', 'success_url': None, 'fail_url': None, 'hook_url': None, 'custom_fields': '', 'merchant_id': 'TestUser', 'merchant_name': None, 'pay_service': None, 'payer_details': None}}
[2022-10-01 23:38:30,139: INFO] Got invoice status: id = 0aaad74b-06c5-b30b-8179-f27890c9571c; status = pending;
[2022-10-01 23:38:36,142: INFO] Get invoice status requested: user_token='2qxm3GWCHnUxSO3e7fWJFcbKRPpmYWEaK7HcPoPxu1M' id='0aaad74b-06c5-b30b-8179-f27890c9571c' auto_withdraw='True'
[2022-10-01 23:38:36,142: DEBUG] Sending invoice status request with fields: {'id': '0aaad74b-06c5-b30b-8179-f27890c9571c'}
[2022-10-01 23:38:36,539: DEBUG] Got response: {'status': 'success', 'invoice': {'id': '0aaad74b-06c5-b30b-8179-f27890c9571c', 'order_id': None, 'expire': 1664688879, 'sum': '20.00', 'comment': None, 'status': 'pending', 'success_url': None, 'fail_url': None, 'hook_url': None, 'custom_fields': '', 'merchant_id': 'TestUser', 'merchant_name': None, 'pay_service': None, 'payer_details': None}}
[2022-10-01 23:38:36,539: INFO] Got invoice status: id = 0aaad74b-06c5-b30b-8179-f27890c9571c; status = pending;
[2022-10-01 23:38:42,542: INFO] Get invoice status requested: user_token='2qxm3GWCHnUxSO3e7fWJFcbKRPpmYWEaK7HcPoPxu1M' id='0aaad74b-06c5-b30b-8179-f27890c9571c' auto_withdraw='True'
[2022-10-01 23:38:42,542: DEBUG] Sending invoice status request with fields: {'id': '0aaad74b-06c5-b30b-8179-f27890c9571c'}
[2022-10-01 23:38:42,981: DEBUG] Got response: {'status': 'success', 'invoice': {'id': '0aaad74b-06c5-b30b-8179-f27890c9571c', 'order_id': None, 'expire': 1664688879, 'sum': '20.00', 'comment': None, 'status': 'pending', 'success_url': None, 'fail_url': None, 'hook_url': None, 'custom_fields': '', 'merchant_id': 'TestUser', 'merchant_name': None, 'pay_service': None, 'payer_details': None}}
[2022-10-01 23:38:42,981: INFO] Got invoice status: id = 0aaad74b-06c5-b30b-8179-f27890c9571c; status = pending;
[2022-10-01 23:38:48,983: INFO] Get invoice status requested: user_token='2qxm3GWCHnUxSO3e7fWJFcbKRPpmYWEaK7HcPoPxu1M' id='0aaad74b-06c5-b30b-8179-f27890c9571c' auto_withdraw='True'
[2022-10-01 23:38:48,984: DEBUG] Sending invoice status request with fields: {'id': '0aaad74b-06c5-b30b-8179-f27890c9571c'}
[2022-10-01 23:38:49,382: DEBUG] Got response: {'status': 'success', 'invoice': {'id': '0aaad74b-06c5-b30b-8179-f27890c9571c', 'order_id': None, 'expire': 1664688879, 'sum': '20.00', 'comment': None, 'status': 'pending', 'success_url': None, 'fail_url': None, 'hook_url': None, 'custom_fields': '', 'merchant_id': 'TestUser', 'merchant_name': None, 'pay_service': None, 'payer_details': None}}
[2022-10-01 23:38:49,382: INFO] Got invoice status: id = 0aaad74b-06c5-b30b-8179-f27890c9571c; status = pending;
[2022-10-01 23:38:55,384: INFO] Get invoice status requested: user_token='2qxm3GWCHnUxSO3e7fWJFcbKRPpmYWEaK7HcPoPxu1M' id='0aaad74b-06c5-b30b-8179-f27890c9571c' auto_withdraw='True'
[2022-10-01 23:38:55,385: DEBUG] Sending invoice status request with fields: {'id': '0aaad74b-06c5-b30b-8179-f27890c9571c'}
[2022-10-01 23:38:55,912: DEBUG] Got response: {'status': 'success', 'invoice': {'id': '0aaad74b-06c5-b30b-8179-f27890c9571c', 'order_id': None, 'expire': 1664688879, 'sum': '20.00', 'comment': None, 'status': 'pending', 'success_url': None, 'fail_url': None, 'hook_url': None, 'custom_fields': '', 'merchant_id': 'TestUser', 'merchant_name': None, 'pay_service': None, 'payer_details': None}}
[2022-10-01 23:38:55,912: INFO] Got invoice status: id = 0aaad74b-06c5-b30b-8179-f27890c9571c; status = pending;
[2022-10-01 23:39:01,915: INFO] Get invoice status requested: user_token='2qxm3GWCHnUxSO3e7fWJFcbKRPpmYWEaK7HcPoPxu1M' id='0aaad74b-06c5-b30b-8179-f27890c9571c' auto_withdraw='True'
[2022-10-01 23:39:01,915: DEBUG] Sending invoice status request with fields: {'id': '0aaad74b-06c5-b30b-8179-f27890c9571c'}
[2022-10-01 23:39:02,339: DEBUG] Got response: {'status': 'success', 'invoice': {'id': '0aaad74b-06c5-b30b-8179-f27890c9571c', 'order_id': None, 'expire': 1664688879, 'sum': '20.00', 'comment': None, 'status': 'pending', 'success_url': None, 'fail_url': None, 'hook_url': None, 'custom_fields': '', 'merchant_id': 'TestUser', 'merchant_name': None, 'pay_service': None, 'payer_details': None}}
[2022-10-01 23:39:02,339: INFO] Got invoice status: id = 0aaad74b-06c5-b30b-8179-f27890c9571c; status = pending;
[2022-10-01 23:39:08,342: INFO] Get invoice status requested: user_token='2qxm3GWCHnUxSO3e7fWJFcbKRPpmYWEaK7HcPoPxu1M' id='0aaad74b-06c5-b30b-8179-f27890c9571c' auto_withdraw='True'
[2022-10-01 23:39:08,342: DEBUG] Sending invoice status request with fields: {'id': '0aaad74b-06c5-b30b-8179-f27890c9571c'}
[2022-10-01 23:39:08,765: DEBUG] Got response: {'status': 'success', 'invoice': {'id': '0aaad74b-06c5-b30b-8179-f27890c9571c', 'order_id': None, 'expire': 1664688879, 'sum': '20.00', 'comment': None, 'status': 'pending', 'success_url': None, 'fail_url': None, 'hook_url': None, 'custom_fields': '', 'merchant_id': 'TestUser', 'merchant_name': None, 'pay_service': None, 'payer_details': None}}
[2022-10-01 23:39:08,765: INFO] Got invoice status: id = 0aaad74b-06c5-b30b-8179-f27890c9571c; status = pending;
[2022-10-01 23:39:14,768: INFO] Get invoice status requested: user_token='2qxm3GWCHnUxSO3e7fWJFcbKRPpmYWEaK7HcPoPxu1M' id='0aaad74b-06c5-b30b-8179-f27890c9571c' auto_withdraw='True'
[2022-10-01 23:39:14,768: DEBUG] Sending invoice status request with fields: {'id': '0aaad74b-06c5-b30b-8179-f27890c9571c'}
[2022-10-01 23:39:15,130: DEBUG] Got response: {'status': 'success', 'invoice': {'id': '0aaad74b-06c5-b30b-8179-f27890c9571c', 'order_id': None, 'expire': 1664688879, 'sum': '20.00', 'comment': None, 'status': 'pending', 'success_url': None, 'fail_url': None, 'hook_url': None, 'custom_fields': '', 'merchant_id': 'TestUser', 'merchant_name': None, 'pay_service': None, 'payer_details': None}}
[2022-10-01 23:39:15,130: INFO] Got invoice status: id = 0aaad74b-06c5-b30b-8179-f27890c9571c; status = pending;
[2022-10-01 23:39:21,133: INFO] Get invoice status requested: user_token='2qxm3GWCHnUxSO3e7fWJFcbKRPpmYWEaK7HcPoPxu1M' id='0aaad74b-06c5-b30b-8179-f27890c9571c' auto_withdraw='True'
[2022-10-01 23:39:21,133: DEBUG] Sending invoice status request with fields: {'id': '0aaad74b-06c5-b30b-8179-f27890c9571c'}
[2022-10-01 23:39:21,516: DEBUG] Got response: {'status': 'success', 'invoice': {'id': '0aaad74b-06c5-b30b-8179-f27890c9571c', 'order_id': None, 'expire': 1664688879, 'sum': '20.00', 'comment': None, 'status': 'pending', 'success_url': None, 'fail_url': None, 'hook_url': None, 'custom_fields': '', 'merchant_id': 'TestUser', 'merchant_name': None, 'pay_service': None, 'payer_details': None}}
[2022-10-01 23:39:21,516: INFO] Got invoice status: id = 0aaad74b-06c5-b30b-8179-f27890c9571c; status = pending;
[2022-10-01 23:39:27,524: INFO] Get invoice status requested: user_token='2qxm3GWCHnUxSO3e7fWJFcbKRPpmYWEaK7HcPoPxu1M' id='0aaad74b-06c5-b30b-8179-f27890c9571c' auto_withdraw='True'
[2022-10-01 23:39:27,524: DEBUG] Sending invoice status request with fields: {'id': '0aaad74b-06c5-b30b-8179-f27890c9571c'}
[2022-10-01 23:39:27,921: DEBUG] Got response: {'status': 'success', 'invoice': {'id': '0aaad74b-06c5-b30b-8179-f27890c9571c', 'order_id': None, 'expire': 1664688879, 'sum': '20.00', 'comment': None, 'status': 'pending', 'success_url': None, 'fail_url': None, 'hook_url': None, 'custom_fields': '', 'merchant_id': 'TestUser', 'merchant_name': None, 'pay_service': None, 'payer_details': None}}
[2022-10-01 23:39:27,921: INFO] Got invoice status: id = 0aaad74b-06c5-b30b-8179-f27890c9571c; status = pending;
[2022-10-01 23:39:33,924: INFO] Get invoice status requested: user_token='2qxm3GWCHnUxSO3e7fWJFcbKRPpmYWEaK7HcPoPxu1M' id='0aaad74b-06c5-b30b-8179-f27890c9571c' auto_withdraw='True'
[2022-10-01 23:39:33,924: DEBUG] Sending invoice status request with fields: {'id': '0aaad74b-06c5-b30b-8179-f27890c9571c'}
[2022-10-01 23:39:34,480: DEBUG] Got response: {'status': 'success', 'invoice': {'id': '0aaad74b-06c5-b30b-8179-f27890c9571c', 'order_id': None, 'expire': 1664688879, 'sum': '20.00', 'comment': None, 'status': 'pending', 'success_url': None, 'fail_url': None, 'hook_url': None, 'custom_fields': '', 'merchant_id': 'TestUser', 'merchant_name': None, 'pay_service': None, 'payer_details': None}}
[2022-10-01 23:39:34,480: INFO] Got invoice status: id = 0aaad74b-06c5-b30b-8179-f27890c9571c; status = pending;
[2022-10-01 23:39:40,482: INFO] Get invoice status requested: user_token='2qxm3GWCHnUxSO3e7fWJFcbKRPpmYWEaK7HcPoPxu1M' id='0aaad74b-06c5-b30b-8179-f27890c9571c' auto_withdraw='True'
[2022-10-01 23:39:40,483: DEBUG] Sending invoice status request with fields: {'id': '0aaad74b-06c5-b30b-8179-f27890c9571c'}
[2022-10-01 23:39:41,003: DEBUG] Got response: {'status': 'success', 'invoice': {'id': '0aaad74b-06c5-b30b-8179-f27890c9571c', 'order_id': None, 'expire': 1664688879, 'sum': '20.00', 'comment': None, 'status': 'pending', 'success_url': None, 'fail_url': None, 'hook_url': None, 'custom_fields': '', 'merchant_id': 'TestUser', 'merchant_name': None, 'pay_service': None, 'payer_details': None}}
[2022-10-01 23:39:41,003: INFO] Got invoice status: id = 0aaad74b-06c5-b30b-8179-f27890c9571c; status = pending;
[2022-10-01 23:39:47,006: INFO] Get invoice status requested: user_token='2qxm3GWCHnUxSO3e7fWJFcbKRPpmYWEaK7HcPoPxu1M' id='0aaad74b-06c5-b30b-8179-f27890c9571c' auto_withdraw='True'
[2022-10-01 23:39:47,006: DEBUG] Sending invoice status request with fields: {'id': '0aaad74b-06c5-b30b-8179-f27890c9571c'}
[2022-10-01 23:39:47,522: DEBUG] Got response: {'status': 'success', 'invoice': {'id': '0aaad74b-06c5-b30b-8179-f27890c9571c', 'order_id': None, 'expire': 1664688879, 'sum': '20.00', 'comment': None, 'status': 'pending', 'success_url': None, 'fail_url': None, 'hook_url': None, 'custom_fields': '', 'merchant_id': 'TestUser', 'merchant_name': None, 'pay_service': None, 'payer_details': None}}
[2022-10-01 23:39:47,523: INFO] Got invoice status: id = 0aaad74b-06c5-b30b-8179-f27890c9571c; status = pending;
[2022-10-01 23:39:53,524: INFO] Get invoice status requested: user_token='2qxm3GWCHnUxSO3e7fWJFcbKRPpmYWEaK7HcPoPxu1M' id='0aaad74b-06c5-b30b-8179-f27890c9571c' auto_withdraw='True'
[2022-10-01 23:39:53,525: DEBUG] Sending invoice status request with fields: {'id': '0aaad74b-06c5-b30b-8179-f27890c9571c'}
[2022-10-01 23:39:53,929: DEBUG] Got response: {'status': 'success', 'invoice': {'id': '0aaad74b-06c5-b30b-8179-f27890c9571c', 'order_id': None, 'expire': 1664688879, 'sum': '20.00', 'comment': None, 'status': 'pending', 'success_url': None, 'fail_url': None, 'hook_url': None, 'custom_fields': '', 'merchant_id': 'TestUser', 'merchant_name': None, 'pay_service': None, 'payer_details': None}}
[2022-10-01 23:39:53,929: INFO] Got invoice status: id = 0aaad74b-06c5-b30b-8179-f27890c9571c; status = pending;
[2022-10-01 23:39:59,932: INFO] Get invoice status requested: user_token='2qxm3GWCHnUxSO3e7fWJFcbKRPpmYWEaK7HcPoPxu1M' id='0aaad74b-06c5-b30b-8179-f27890c9571c' auto_withdraw='True'
[2022-10-01 23:39:59,933: DEBUG] Sending invoice status request with fields: {'id': '0aaad74b-06c5-b30b-8179-f27890c9571c'}
[2022-10-01 23:40:00,335: DEBUG] Got response: {'status': 'success', 'invoice': {'id': '0aaad74b-06c5-b30b-8179-f27890c9571c', 'order_id': None, 'expire': 1664688879, 'sum': '20.00', 'comment': None, 'status': 'pending', 'success_url': None, 'fail_url': None, 'hook_url': None, 'custom_fields': '', 'merchant_id': 'TestUser', 'merchant_name': None, 'pay_service': None, 'payer_details': None}}
[2022-10-01 23:40:00,335: INFO] Got invoice status: id = 0aaad74b-06c5-b30b-8179-f27890c9571c; status = pending;
[2022-10-01 23:40:06,339: INFO] Get invoice status requested: user_token='2qxm3GWCHnUxSO3e7fWJFcbKRPpmYWEaK7HcPoPxu1M' id='0aaad74b-06c5-b30b-8179-f27890c9571c' auto_withdraw='True'
[2022-10-01 23:40:06,339: DEBUG] Sending invoice status request with fields: {'id': '0aaad74b-06c5-b30b-8179-f27890c9571c'}
[2022-10-01 23:40:06,757: DEBUG] Got response: {'status': 'success', 'invoice': {'id': '0aaad74b-06c5-b30b-8179-f27890c9571c', 'order_id': None, 'expire': 1664688879, 'sum': '20.00', 'comment': None, 'status': 'pending', 'success_url': None, 'fail_url': None, 'hook_url': None, 'custom_fields': '', 'merchant_id': 'TestUser', 'merchant_name': None, 'pay_service': None, 'payer_details': None}}
[2022-10-01 23:40:06,757: INFO] Got invoice status: id = 0aaad74b-06c5-b30b-8179-f27890c9571c; status = pending;
[2022-10-01 23:40:12,761: INFO] Get invoice status requested: user_token='2qxm3GWCHnUxSO3e7fWJFcbKRPpmYWEaK7HcPoPxu1M' id='0aaad74b-06c5-b30b-8179-f27890c9571c' auto_withdraw='True'
[2022-10-01 23:40:12,762: DEBUG] Sending invoice status request with fields: {'id': '0aaad74b-06c5-b30b-8179-f27890c9571c'}
[2022-10-01 23:40:13,151: DEBUG] Got response: {'status': 'success', 'invoice': {'id': '0aaad74b-06c5-b30b-8179-f27890c9571c', 'order_id': None, 'expire': 1664688879, 'sum': '20.00', 'comment': None, 'status': 'pending', 'success_url': None, 'fail_url': None, 'hook_url': None, 'custom_fields': '', 'merchant_id': 'TestUser', 'merchant_name': None, 'pay_service': None, 'payer_details': None}}
[2022-10-01 23:40:13,151: INFO] Got invoice status: id = 0aaad74b-06c5-b30b-8179-f27890c9571c; status = pending;
[2022-10-01 23:40:19,156: INFO] Get invoice status requested: user_token='2qxm3GWCHnUxSO3e7fWJFcbKRPpmYWEaK7HcPoPxu1M' id='0aaad74b-06c5-b30b-8179-f27890c9571c' auto_withdraw='True'
[2022-10-01 23:40:19,156: DEBUG] Sending invoice status request with fields: {'id': '0aaad74b-06c5-b30b-8179-f27890c9571c'}
[2022-10-01 23:40:19,631: DEBUG] Got response: {'status': 'success', 'invoice': {'id': '0aaad74b-06c5-b30b-8179-f27890c9571c', 'order_id': None, 'expire': 1664688879, 'sum': '20.00', 'comment': None, 'status': 'pending', 'success_url': None, 'fail_url': None, 'hook_url': None, 'custom_fields': '', 'merchant_id': 'TestUser', 'merchant_name': None, 'pay_service': None, 'payer_details': None}}
[2022-10-01 23:40:19,631: INFO] Got invoice status: id = 0aaad74b-06c5-b30b-8179-f27890c9571c; status = pending;
[2022-10-01 23:40:25,633: INFO] Get invoice status requested: user_token='2qxm3GWCHnUxSO3e7fWJFcbKRPpmYWEaK7HcPoPxu1M' id='0aaad74b-06c5-b30b-8179-f27890c9571c' auto_withdraw='True'
[2022-10-01 23:40:25,634: DEBUG] Sending invoice status request with fields: {'id': '0aaad74b-06c5-b30b-8179-f27890c9571c'}
[2022-10-01 23:40:26,018: DEBUG] Got response: {'status': 'success', 'invoice': {'id': '0aaad74b-06c5-b30b-8179-f27890c9571c', 'order_id': None, 'expire': 1664688879, 'sum': '20.00', 'comment': None, 'status': 'pending', 'success_url': None, 'fail_url': None, 'hook_url': None, 'custom_fields': '', 'merchant_id': 'TestUser', 'merchant_name': None, 'pay_service': None, 'payer_details': None}}
[2022-10-01 23:40:26,018: INFO] Got invoice status: id = 0aaad74b-06c5-b30b-8179-f27890c9571c; status = pending;
[2022-10-01 23:40:32,022: INFO] Get invoice status requested: user_token='2qxm3GWCHnUxSO3e7fWJFcbKRPpmYWEaK7HcPoPxu1M' id='0aaad74b-06c5-b30b-8179-f27890c9571c' auto_withdraw='True'
[2022-10-01 23:40:32,022: DEBUG] Sending invoice status request with fields: {'id': '0aaad74b-06c5-b30b-8179-f27890c9571c'}
[2022-10-01 23:40:32,397: DEBUG] Got response: {'status': 'success', 'invoice': {'id': '0aaad74b-06c5-b30b-8179-f27890c9571c', 'order_id': None, 'expire': 1664688879, 'sum': '20.00', 'comment': None, 'status': 'pending', 'success_url': None, 'fail_url': None, 'hook_url': None, 'custom_fields': '', 'merchant_id': 'TestUser', 'merchant_name': None, 'pay_service': None, 'payer_details': None}}
[2022-10-01 23:40:32,397: INFO] Got invoice status: id = 0aaad74b-06c5-b30b-8179-f27890c9571c; status = pending;
[2022-10-08 14:35:29,250: INFO] Create invoice requested: user_token='2qxm3GWCHnUxSO3e7fWJFcbKRPpmYWEaK7HcPoPxu1M' amount=20 expire=60
[2022-10-08 14:36:30,616: INFO] Create invoice requested: user_token='2qxm3GWCHnUxSO3e7fWJFcbKRPpmYWEaK7HcPoPxu1M' amount=20 expire=60
[2022-10-08 14:37:28,937: INFO] Create invoice requested: user_token='2qxm3GWCHnUxSO3e7fWJFcbKRPpmYWEaK7HcPoPxu1M' amount=20 expire=60
[2022-10-08 14:39:35,815: INFO] Create invoice requested: user_token='2qxm3GWCHnUxSO3e7fWJFcbKRPpmYWEaK7HcPoPxu1M' amount=20 expire=60
[2022-10-08 14:40:19,770: INFO] Create invoice requested: user_token='2qxm3GWCHnUxSO3e7fWJFcbKRPpmYWEaK7HcPoPxu1M' amount=20 expire=60
[2022-10-08 16:39:55,640: INFO] Create invoice requested: user_token='2qxm3GWCHnUxSO3e7fWJFcbKRPpmYWEaK7HcPoPxu1M' amount=20 expire=60
[2022-10-08 16:41:57,315: INFO] Create invoice requested: user_token='2qxm3GWCHnUxSO3e7fWJFcbKRPpmYWEaK7HcPoPxu1M' amount=20 expire=60
[2022-10-08 16:41:57,315: ERROR] User with token 2qxm3GWCHnUxSO3e7fWJFcbKRPpmYWEaK7HcPoPxu1M not found
[2022-10-08 16:43:38,789: INFO] Create invoice requested: user_token='0WH5bBJrq2nA1x6Wpk85vxBvOpC5zLydSuj9YIcOPa8' amount=20 expire=60
[2022-10-08 16:45:37,909: INFO] Create invoice requested: user_token='0WH5bBJrq2nA1x6Wpk85vxBvOpC5zLydSuj9YIcOPa8' amount=20 expire=60
[2022-10-08 16:46:08,035: INFO] Create invoice requested: user_token='0WH5bBJrq2nA1x6Wpk85vxBvOpC5zLydSuj9YIcOPa8' amount=20 expire=60
[2022-10-08 16:47:14,721: INFO] Create invoice requested: user_token='0WH5bBJrq2nA1x6Wpk85vxBvOpC5zLydSuj9YIcOPa8' amount=20 expire=60
[2022-10-08 17:21:49,438: INFO] Create invoice requested: user_token='0WH5bBJrq2nA1x6Wpk85vxBvOpC5zLydSuj9YIcOPa8' amount=20 expire=60
[2022-10-08 17:22:13,380: INFO] Create invoice requested: user_token='0WH5bBJrq2nA1x6Wpk85vxBvOpC5zLydSuj9YIcOPa8' amount=20 expire=60
[2022-10-08 17:23:17,551: INFO] Create invoice requested: user_token='0WH5bBJrq2nA1x6Wpk85vxBvOpC5zLydSuj9YIcOPa8' amount=20 expire=60
[2022-10-08 17:26:20,178: INFO] Create invoice requested: user_token='0WH5bBJrq2nA1x6Wpk85vxBvOpC5zLydSuj9YIcOPa8' amount=20 expire=60
[2022-10-08 17:26:20,469: ERROR] [API ERROR] Error while creating invoice: 
Response: {'data': None, 'error': 'Unauthorized', 'status': 401, 'status_check': False}
[2022-10-08 17:29:12,740: INFO] Create invoice requested: user_token='0WH5bBJrq2nA1x6Wpk85vxBvOpC5zLydSuj9YIcOPa8' amount=20 expire=60
[2022-10-08 17:29:12,998: ERROR] [API ERROR] Error while creating invoice: 
Response: {'data': None, 'error': 'Unauthorized', 'status': 401, 'status_check': False}
[2022-10-08 17:34:37,006: INFO] Create invoice requested: user_token='0WH5bBJrq2nA1x6Wpk85vxBvOpC5zLydSuj9YIcOPa8' amount=20 expire=60
[2022-10-08 17:34:37,289: ERROR] [API ERROR] Error while creating invoice: 
Response: {'data': None, 'error': 'Unauthorized', 'status': 401, 'status_check': False}
[2022-10-08 18:01:14,125: INFO] Create invoice requested: user_token='0WH5bBJrq2nA1x6Wpk85vxBvOpC5zLydSuj9YIcOPa8' amount=20 expire=60
[2022-10-08 18:01:14,414: ERROR] [API ERROR] Error while creating invoice: 
Response: {'data': None, 'error': 'Unauthorized', 'status': 401, 'status_check': False}
